2022-10-18 20:13:29,302 [Worker-7: Loading available Gradle versions] INFO  o.e.b.c.i.u.g.PublishedGradleVersions - Gradle version information cache is out-of-date. Trying to update.
2022-10-19 07:51:57,122 [Worker-18: Loading available Gradle versions] INFO  o.e.b.c.i.u.g.PublishedGradleVersions - Gradle version information cache is up-to-date. Trying to read.
2022-10-19 07:54:59,266 [Worker-23: maven-archetype-quickstart を作成中] INFO  o.e.m.c.i.e.AbstractTransferListenerAdapter - https://repo.maven.apache.org/maven2/org/apache/maven/archetypes/maven-archetype-quickstart/1.1/maven-archetype-quickstart-1.1.pom のダウンロード中
2022-10-19 07:54:59,425 [Worker-23: maven-archetype-quickstart を作成中] INFO  o.e.m.c.i.e.AbstractTransferListenerAdapter - Downloaded https://repo.maven.apache.org/maven2/org/apache/maven/archetypes/maven-archetype-quickstart/1.1/maven-archetype-quickstart-1.1.pom
2022-10-19 07:54:59,618 [Worker-23: maven-archetype-quickstart を作成中] INFO  o.e.m.c.i.e.AbstractTransferListenerAdapter - https://repo.maven.apache.org/maven2/org/apache/maven/archetypes/maven-archetype-quickstart/1.1/maven-archetype-quickstart-1.1.jar のダウンロード中
2022-10-19 07:54:59,734 [Worker-23: maven-archetype-quickstart を作成中] INFO  o.e.m.c.i.e.AbstractTransferListenerAdapter - Downloaded https://repo.maven.apache.org/maven2/org/apache/maven/archetypes/maven-archetype-quickstart/1.1/maven-archetype-quickstart-1.1.jar
2022-10-19 07:54:59,820 [Worker-23: maven-archetype-quickstart を作成中] INFO  o.e.m.c.i.e.AbstractTransferListenerAdapter - Downloaded file:///Users/odataiyou/.m2/repository/org/apache/maven/archetypes/maven-archetype-quickstart/1.1/maven-archetype-quickstart-1.1.jar
2022-10-19 07:54:59,893 [Worker-23: maven-archetype-quickstart を作成中] INFO  o.e.m.c.i.e.AbstractTransferListenerAdapter - Downloaded file:///Users/odataiyou/.m2/repository/org/apache/maven/archetypes/maven-archetype-quickstart/1.1/maven-archetype-quickstart-1.1.pom
2022-10-19 07:54:59,967 [Worker-23: maven-archetype-quickstart を作成中] INFO  o.e.m.c.i.p.ProjectConfigurationManager - Collecting project info '/pom.xml' /Users/odataiyou/Documents/workspace/SpringFrameworkInEasySteps/springcore/pom.xml
2022-10-19 07:55:01,280 [Worker-23: maven-archetype-quickstart を作成中] INFO  o.e.m.c.i.l.LifecycleMappingFactory - Using org.eclipse.m2e.jdt.JarLifecycleMapping lifecycle mapping for MavenProject: com.taiyo.spring:springcore:0.0.1-SNAPSHOT @ /Users/odataiyou/Documents/workspace/SpringFrameworkInEasySteps/springcore/pom.xml.
2022-10-19 07:55:01,785 [Worker-23: maven-archetype-quickstart を作成中] INFO  o.e.m.j.i.AbstractJavaProjectConfigurator - Adding source folder /springcore/src/main/java
2022-10-19 07:55:01,790 [Worker-23: maven-archetype-quickstart を作成中] INFO  o.e.m.j.i.AbstractJavaProjectConfigurator - Adding source folder /springcore/src/test/java
2022-10-19 07:55:01,915 [Worker-23: maven-archetype-quickstart を作成中] INFO  o.e.m.c.i.p.ProjectConfigurationManager - Imported and configured 1 project(s) in 1 sec
2022-10-19 07:55:03,366 [Worker-27: ソースおよび Javadoc のダウンロード] INFO  o.e.m.c.i.e.AbstractTransferListenerAdapter - https://repo.maven.apache.org/maven2/junit/junit/3.8.1/junit-3.8.1-sources.jar のダウンロード中
2022-10-19 07:55:03,453 [Worker-28: ビルド] INFO  o.e.m.c.i.embedder.EclipseLogger - Using 'UTF-8' encoding to copy filtered resources.
2022-10-19 07:55:03,453 [Worker-28: ビルド] INFO  o.e.m.c.i.embedder.EclipseLogger - skip non existing resourceDirectory /Users/odataiyou/Documents/workspace/SpringFrameworkInEasySteps/springcore/src/main/resources
2022-10-19 07:55:03,461 [Worker-28: ビルド] INFO  o.e.m.c.i.embedder.EclipseLogger - Using 'UTF-8' encoding to copy filtered resources.
2022-10-19 07:55:03,461 [Worker-28: ビルド] INFO  o.e.m.c.i.embedder.EclipseLogger - skip non existing resourceDirectory /Users/odataiyou/Documents/workspace/SpringFrameworkInEasySteps/springcore/src/test/resources
2022-10-19 07:55:03,511 [Worker-27: ソースおよび Javadoc のダウンロード] INFO  o.e.m.c.i.e.AbstractTransferListenerAdapter - Downloaded https://repo.maven.apache.org/maven2/junit/junit/3.8.1/junit-3.8.1-sources.jar
2022-10-19 07:55:03,518 [Worker-27: ソースおよび Javadoc のダウンロード] INFO  o.e.m.j.internal.DownloadSourcesJob - Downloaded sources for junit:junit:3.8.1
2022-10-19 07:55:04,581 [Worker-23: ビルド] INFO  o.e.m.c.i.embedder.EclipseLogger - Using 'UTF-8' encoding to copy filtered resources.
2022-10-19 07:55:04,582 [Worker-23: ビルド] INFO  o.e.m.c.i.embedder.EclipseLogger - skip non existing resourceDirectory /Users/odataiyou/Documents/workspace/SpringFrameworkInEasySteps/springcore/src/main/resources
2022-10-19 07:55:04,584 [Worker-23: ビルド] INFO  o.e.m.c.i.embedder.EclipseLogger - Using 'UTF-8' encoding to copy filtered resources.
2022-10-19 07:55:04,584 [Worker-23: ビルド] INFO  o.e.m.c.i.embedder.EclipseLogger - skip non existing resourceDirectory /Users/odataiyou/Documents/workspace/SpringFrameworkInEasySteps/springcore/src/test/resources
2022-10-19 08:07:27,673 [Worker-27: ビルド] INFO  o.e.m.c.i.l.LifecycleMappingFactory - Using org.eclipse.m2e.jdt.JarLifecycleMapping lifecycle mapping for MavenProject: com.taiyo.spring:springcore:0.0.1-SNAPSHOT @ /Users/odataiyou/Documents/workspace/SpringFrameworkInEasySteps/springcore/pom.xml.
2022-10-19 08:07:27,800 [Worker-27: ビルド] WARN  o.e.m.c.i.embedder.EclipseLogger - Using platform encoding (UTF-8 actually) to copy filtered resources, i.e. build is platform dependent!
2022-10-19 08:07:27,801 [Worker-27: ビルド] INFO  o.e.m.c.i.embedder.EclipseLogger - skip non existing resourceDirectory /Users/odataiyou/Documents/workspace/SpringFrameworkInEasySteps/springcore/src/main/resources
2022-10-19 08:07:27,802 [Worker-27: ビルド] WARN  o.e.m.c.i.embedder.EclipseLogger - Using platform encoding (UTF-8 actually) to copy filtered resources, i.e. build is platform dependent!
2022-10-19 08:07:27,803 [Worker-27: ビルド] INFO  o.e.m.c.i.embedder.EclipseLogger - skip non existing resourceDirectory /Users/odataiyou/Documents/workspace/SpringFrameworkInEasySteps/springcore/src/test/resources
2022-10-19 08:07:27,991 [Worker-29: Maven プロジェクトの更新中] INFO  o.e.m.c.i.p.ProjectConfigurationManager - Update started
2022-10-19 08:07:28,142 [Worker-29: Maven プロジェクトの更新中] INFO  o.e.m.c.i.l.LifecycleMappingFactory - Using org.eclipse.m2e.jdt.JarLifecycleMapping lifecycle mapping for MavenProject: com.taiyo.spring:springcore:0.0.1-SNAPSHOT @ /Users/odataiyou/Documents/workspace/SpringFrameworkInEasySteps/springcore/pom.xml.
2022-10-19 08:07:28,215 [Worker-29: Maven プロジェクトの更新中] INFO  o.e.m.j.i.AbstractJavaProjectConfigurator - Adding source folder /springcore/src/main/java
2022-10-19 08:07:28,216 [Worker-29: Maven プロジェクトの更新中] INFO  o.e.m.j.i.AbstractJavaProjectConfigurator - Adding source folder /springcore/src/test/java
2022-10-19 08:07:28,333 [Worker-29: Maven プロジェクトの更新中] INFO  o.e.m.c.i.p.ProjectConfigurationManager - Update completed: 0 sec
2022-10-19 08:07:29,138 [Worker-27: ビルド] WARN  o.e.m.c.i.embedder.EclipseLogger - Using platform encoding (UTF-8 actually) to copy filtered resources, i.e. build is platform dependent!
2022-10-19 08:07:29,138 [Worker-27: ビルド] INFO  o.e.m.c.i.embedder.EclipseLogger - skip non existing resourceDirectory /Users/odataiyou/Documents/workspace/SpringFrameworkInEasySteps/springcore/src/main/resources
2022-10-19 08:07:29,140 [Worker-27: ビルド] WARN  o.e.m.c.i.embedder.EclipseLogger - Using platform encoding (UTF-8 actually) to copy filtered resources, i.e. build is platform dependent!
2022-10-19 08:07:29,141 [Worker-27: ビルド] INFO  o.e.m.c.i.embedder.EclipseLogger - skip non existing resourceDirectory /Users/odataiyou/Documents/workspace/SpringFrameworkInEasySteps/springcore/src/test/resources
2022-10-19 08:07:29,358 [Worker-34: ソースおよび Javadoc のダウンロード] INFO  o.e.m.c.i.e.AbstractTransferListenerAdapter - https://repo.maven.apache.org/maven2/org/springframework/spring-core/4.3.6.RELEASE/spring-core-4.3.6.RELEASE-sources.jar のダウンロード中
2022-10-19 08:07:30,012 [Worker-34: ソースおよび Javadoc のダウンロード] INFO  o.e.m.c.i.e.AbstractTransferListenerAdapter - Downloaded https://repo.maven.apache.org/maven2/org/springframework/spring-core/4.3.6.RELEASE/spring-core-4.3.6.RELEASE-sources.jar
2022-10-19 08:07:30,018 [Worker-34: ソースおよび Javadoc のダウンロード] INFO  o.e.m.j.internal.DownloadSourcesJob - Downloaded sources for org.springframework:spring-core:4.3.6.RELEASE
2022-10-19 08:07:30,622 [Worker-34: ソースおよび Javadoc のダウンロード] INFO  o.e.m.c.i.e.AbstractTransferListenerAdapter - https://repo.maven.apache.org/maven2/org/springframework/spring-context/4.3.6.RELEASE/spring-context-4.3.6.RELEASE-sources.jar のダウンロード中
2022-10-19 08:07:31,354 [Worker-34: ソースおよび Javadoc のダウンロード] INFO  o.e.m.c.i.e.AbstractTransferListenerAdapter - Downloaded https://repo.maven.apache.org/maven2/org/springframework/spring-context/4.3.6.RELEASE/spring-context-4.3.6.RELEASE-sources.jar
2022-10-19 08:07:31,358 [Worker-34: ソースおよび Javadoc のダウンロード] INFO  o.e.m.j.internal.DownloadSourcesJob - Downloaded sources for org.springframework:spring-context:4.3.6.RELEASE
2022-10-19 08:07:31,939 [Worker-34: ソースおよび Javadoc のダウンロード] INFO  o.e.m.c.i.e.AbstractTransferListenerAdapter - https://repo.maven.apache.org/maven2/org/springframework/spring-aop/4.3.6.RELEASE/spring-aop-4.3.6.RELEASE-sources.jar のダウンロード中
2022-10-19 08:07:32,413 [Worker-34: ソースおよび Javadoc のダウンロード] INFO  o.e.m.c.i.e.AbstractTransferListenerAdapter - Downloaded https://repo.maven.apache.org/maven2/org/springframework/spring-aop/4.3.6.RELEASE/spring-aop-4.3.6.RELEASE-sources.jar
2022-10-19 08:07:32,416 [Worker-34: ソースおよび Javadoc のダウンロード] INFO  o.e.m.j.internal.DownloadSourcesJob - Downloaded sources for org.springframework:spring-aop:4.3.6.RELEASE
2022-10-19 08:07:32,984 [Worker-34: ソースおよび Javadoc のダウンロード] INFO  o.e.m.c.i.e.AbstractTransferListenerAdapter - https://repo.maven.apache.org/maven2/org/springframework/spring-beans/4.3.6.RELEASE/spring-beans-4.3.6.RELEASE-sources.jar のダウンロード中
2022-10-19 08:07:33,563 [Worker-34: ソースおよび Javadoc のダウンロード] INFO  o.e.m.c.i.e.AbstractTransferListenerAdapter - Downloaded https://repo.maven.apache.org/maven2/org/springframework/spring-beans/4.3.6.RELEASE/spring-beans-4.3.6.RELEASE-sources.jar
2022-10-19 08:07:33,567 [Worker-34: ソースおよび Javadoc のダウンロード] INFO  o.e.m.j.internal.DownloadSourcesJob - Downloaded sources for org.springframework:spring-beans:4.3.6.RELEASE
2022-10-19 08:07:34,118 [Worker-34: ソースおよび Javadoc のダウンロード] INFO  o.e.m.c.i.e.AbstractTransferListenerAdapter - https://repo.maven.apache.org/maven2/org/springframework/spring-expression/4.3.6.RELEASE/spring-expression-4.3.6.RELEASE-sources.jar のダウンロード中
2022-10-19 08:07:34,455 [Worker-34: ソースおよび Javadoc のダウンロード] INFO  o.e.m.c.i.e.AbstractTransferListenerAdapter - Downloaded https://repo.maven.apache.org/maven2/org/springframework/spring-expression/4.3.6.RELEASE/spring-expression-4.3.6.RELEASE-sources.jar
2022-10-19 08:07:34,459 [Worker-34: ソースおよび Javadoc のダウンロード] INFO  o.e.m.j.internal.DownloadSourcesJob - Downloaded sources for org.springframework:spring-expression:4.3.6.RELEASE
2022-10-19 08:07:34,613 [Worker-32: ビルド] WARN  o.e.m.c.i.embedder.EclipseLogger - Using platform encoding (UTF-8 actually) to copy filtered resources, i.e. build is platform dependent!
2022-10-19 08:07:34,615 [Worker-32: ビルド] INFO  o.e.m.c.i.embedder.EclipseLogger - skip non existing resourceDirectory /Users/odataiyou/Documents/workspace/SpringFrameworkInEasySteps/springcore/src/main/resources
2022-10-19 08:07:34,616 [Worker-32: ビルド] WARN  o.e.m.c.i.embedder.EclipseLogger - Using platform encoding (UTF-8 actually) to copy filtered resources, i.e. build is platform dependent!
2022-10-19 08:07:34,617 [Worker-32: ビルド] INFO  o.e.m.c.i.embedder.EclipseLogger - skip non existing resourceDirectory /Users/odataiyou/Documents/workspace/SpringFrameworkInEasySteps/springcore/src/test/resources
2022-10-19 08:09:17,296 [Worker-29: Maven プロジェクトの更新中] INFO  o.e.m.c.i.p.ProjectConfigurationManager - Update started
2022-10-19 08:09:17,441 [Worker-29: Maven プロジェクトの更新中] INFO  o.e.m.c.i.l.LifecycleMappingFactory - Using org.eclipse.m2e.jdt.JarLifecycleMapping lifecycle mapping for MavenProject: com.taiyo.spring:springcore:0.0.1-SNAPSHOT @ /Users/odataiyou/Documents/workspace/SpringFrameworkInEasySteps/springcore/pom.xml.
2022-10-19 08:09:17,511 [Worker-29: Maven プロジェクトの更新中] INFO  o.e.m.j.i.AbstractJavaProjectConfigurator - Adding source folder /springcore/src/main/java
2022-10-19 08:09:17,511 [Worker-29: Maven プロジェクトの更新中] INFO  o.e.m.j.i.AbstractJavaProjectConfigurator - Adding source folder /springcore/src/test/java
2022-10-19 08:09:17,552 [Worker-29: Maven プロジェクトの更新中] INFO  o.e.m.c.i.p.ProjectConfigurationManager - Update completed: 0 sec
2022-10-19 08:09:17,739 [Worker-33: ビルド] WARN  o.e.m.c.i.embedder.EclipseLogger - Using platform encoding (UTF-8 actually) to copy filtered resources, i.e. build is platform dependent!
2022-10-19 08:09:17,739 [Worker-33: ビルド] INFO  o.e.m.c.i.embedder.EclipseLogger - skip non existing resourceDirectory /Users/odataiyou/Documents/workspace/SpringFrameworkInEasySteps/springcore/src/main/resources
2022-10-19 08:09:17,740 [Worker-33: ビルド] WARN  o.e.m.c.i.embedder.EclipseLogger - Using platform encoding (UTF-8 actually) to copy filtered resources, i.e. build is platform dependent!
2022-10-19 08:09:17,741 [Worker-33: ビルド] INFO  o.e.m.c.i.embedder.EclipseLogger - skip non existing resourceDirectory /Users/odataiyou/Documents/workspace/SpringFrameworkInEasySteps/springcore/src/test/resources
2022-10-19 08:09:39,455 [Worker-31: ビルド] WARN  o.e.m.c.i.embedder.EclipseLogger - Using platform encoding (UTF-8 actually) to copy filtered resources, i.e. build is platform dependent!
2022-10-19 08:09:39,459 [Worker-31: ビルド] INFO  o.e.m.c.i.embedder.EclipseLogger - skip non existing resourceDirectory /Users/odataiyou/Documents/workspace/SpringFrameworkInEasySteps/springcore/src/main/resources
2022-10-19 08:09:39,460 [Worker-31: ビルド] WARN  o.e.m.c.i.embedder.EclipseLogger - Using platform encoding (UTF-8 actually) to copy filtered resources, i.e. build is platform dependent!
2022-10-19 08:09:39,460 [Worker-31: ビルド] INFO  o.e.m.c.i.embedder.EclipseLogger - skip non existing resourceDirectory /Users/odataiyou/Documents/workspace/SpringFrameworkInEasySteps/springcore/src/test/resources
2022-10-19 08:09:53,114 [Worker-32: ビルド] WARN  o.e.m.c.i.embedder.EclipseLogger - Using platform encoding (UTF-8 actually) to copy filtered resources, i.e. build is platform dependent!
2022-10-19 08:09:53,114 [Worker-32: ビルド] INFO  o.e.m.c.i.embedder.EclipseLogger - skip non existing resourceDirectory /Users/odataiyou/Documents/workspace/SpringFrameworkInEasySteps/springcore/src/main/resources
2022-10-19 08:09:53,123 [Worker-32: ビルド] WARN  o.e.m.c.i.embedder.EclipseLogger - Using platform encoding (UTF-8 actually) to copy filtered resources, i.e. build is platform dependent!
2022-10-19 08:09:53,124 [Worker-32: ビルド] INFO  o.e.m.c.i.embedder.EclipseLogger - skip non existing resourceDirectory /Users/odataiyou/Documents/workspace/SpringFrameworkInEasySteps/springcore/src/test/resources
2022-10-19 08:10:01,224 [Worker-27: ビルド] WARN  o.e.m.c.i.embedder.EclipseLogger - Using platform encoding (UTF-8 actually) to copy filtered resources, i.e. build is platform dependent!
2022-10-19 08:10:01,225 [Worker-27: ビルド] INFO  o.e.m.c.i.embedder.EclipseLogger - skip non existing resourceDirectory /Users/odataiyou/Documents/workspace/SpringFrameworkInEasySteps/springcore/src/main/resources
2022-10-19 08:10:01,225 [Worker-27: ビルド] WARN  o.e.m.c.i.embedder.EclipseLogger - Using platform encoding (UTF-8 actually) to copy filtered resources, i.e. build is platform dependent!
2022-10-19 08:10:01,226 [Worker-27: ビルド] INFO  o.e.m.c.i.embedder.EclipseLogger - skip non existing resourceDirectory /Users/odataiyou/Documents/workspace/SpringFrameworkInEasySteps/springcore/src/test/resources
2022-10-19 08:10:14,890 [Worker-32: Maven プロジェクトの更新中] INFO  o.e.m.c.i.p.ProjectConfigurationManager - Update started
2022-10-19 08:10:15,031 [Worker-32: Maven プロジェクトの更新中] INFO  o.e.m.c.i.l.LifecycleMappingFactory - Using org.eclipse.m2e.jdt.JarLifecycleMapping lifecycle mapping for MavenProject: com.taiyo.spring:springcore:0.0.1-SNAPSHOT @ /Users/odataiyou/Documents/workspace/SpringFrameworkInEasySteps/springcore/pom.xml.
2022-10-19 08:10:15,089 [Worker-32: Maven プロジェクトの更新中] INFO  o.e.m.j.i.AbstractJavaProjectConfigurator - Adding source folder /springcore/src/main/java
2022-10-19 08:10:15,089 [Worker-32: Maven プロジェクトの更新中] INFO  o.e.m.j.i.AbstractJavaProjectConfigurator - Adding source folder /springcore/src/test/java
2022-10-19 08:10:15,120 [Worker-32: Maven プロジェクトの更新中] INFO  o.e.m.c.i.p.ProjectConfigurationManager - Update completed: 0 sec
2022-10-19 08:10:15,280 [Worker-34: ビルド] WARN  o.e.m.c.i.embedder.EclipseLogger - Using platform encoding (UTF-8 actually) to copy filtered resources, i.e. build is platform dependent!
2022-10-19 08:10:15,280 [Worker-34: ビルド] INFO  o.e.m.c.i.embedder.EclipseLogger - skip non existing resourceDirectory /Users/odataiyou/Documents/workspace/SpringFrameworkInEasySteps/springcore/src/main/resources
2022-10-19 08:10:15,282 [Worker-34: ビルド] WARN  o.e.m.c.i.embedder.EclipseLogger - Using platform encoding (UTF-8 actually) to copy filtered resources, i.e. build is platform dependent!
2022-10-19 08:10:15,282 [Worker-34: ビルド] INFO  o.e.m.c.i.embedder.EclipseLogger - skip non existing resourceDirectory /Users/odataiyou/Documents/workspace/SpringFrameworkInEasySteps/springcore/src/test/resources
2022-10-19 08:15:05,673 [Worker-27: ビルド] WARN  o.e.m.c.i.embedder.EclipseLogger - Using platform encoding (UTF-8 actually) to copy filtered resources, i.e. build is platform dependent!
2022-10-19 08:15:05,676 [Worker-27: ビルド] INFO  o.e.m.c.i.embedder.EclipseLogger - skip non existing resourceDirectory /Users/odataiyou/Documents/workspace/SpringFrameworkInEasySteps/springcore/src/main/resources
2022-10-19 08:15:05,677 [Worker-27: ビルド] WARN  o.e.m.c.i.embedder.EclipseLogger - Using platform encoding (UTF-8 actually) to copy filtered resources, i.e. build is platform dependent!
2022-10-19 08:15:05,677 [Worker-27: ビルド] INFO  o.e.m.c.i.embedder.EclipseLogger - skip non existing resourceDirectory /Users/odataiyou/Documents/workspace/SpringFrameworkInEasySteps/springcore/src/test/resources
2022-10-19 08:15:06,694 [Worker-27: ビルド] WARN  o.e.m.c.i.embedder.EclipseLogger - Using platform encoding (UTF-8 actually) to copy filtered resources, i.e. build is platform dependent!
2022-10-19 08:15:06,712 [Worker-27: ビルド] INFO  o.e.m.c.i.embedder.EclipseLogger - skip non existing resourceDirectory /Users/odataiyou/Documents/workspace/SpringFrameworkInEasySteps/springcore/src/main/resources
2022-10-19 08:15:06,717 [Worker-27: ビルド] WARN  o.e.m.c.i.embedder.EclipseLogger - Using platform encoding (UTF-8 actually) to copy filtered resources, i.e. build is platform dependent!
2022-10-19 08:15:06,718 [Worker-27: ビルド] INFO  o.e.m.c.i.embedder.EclipseLogger - skip non existing resourceDirectory /Users/odataiyou/Documents/workspace/SpringFrameworkInEasySteps/springcore/src/test/resources
2022-10-19 08:15:59,686 [Worker-29: ビルド] WARN  o.e.m.c.i.embedder.EclipseLogger - Using platform encoding (UTF-8 actually) to copy filtered resources, i.e. build is platform dependent!
2022-10-19 08:15:59,689 [Worker-29: ビルド] INFO  o.e.m.c.i.embedder.EclipseLogger - skip non existing resourceDirectory /Users/odataiyou/Documents/workspace/SpringFrameworkInEasySteps/springcore/src/main/resources
2022-10-19 08:15:59,689 [Worker-29: ビルド] WARN  o.e.m.c.i.embedder.EclipseLogger - Using platform encoding (UTF-8 actually) to copy filtered resources, i.e. build is platform dependent!
2022-10-19 08:15:59,690 [Worker-29: ビルド] INFO  o.e.m.c.i.embedder.EclipseLogger - skip non existing resourceDirectory /Users/odataiyou/Documents/workspace/SpringFrameworkInEasySteps/springcore/src/test/resources
2022-10-19 08:16:26,371 [Worker-36: ビルド] WARN  o.e.m.c.i.embedder.EclipseLogger - Using platform encoding (UTF-8 actually) to copy filtered resources, i.e. build is platform dependent!
2022-10-19 08:16:26,371 [Worker-36: ビルド] INFO  o.e.m.c.i.embedder.EclipseLogger - skip non existing resourceDirectory /Users/odataiyou/Documents/workspace/SpringFrameworkInEasySteps/springcore/src/main/resources
2022-10-19 08:16:26,372 [Worker-36: ビルド] WARN  o.e.m.c.i.embedder.EclipseLogger - Using platform encoding (UTF-8 actually) to copy filtered resources, i.e. build is platform dependent!
2022-10-19 08:16:26,372 [Worker-36: ビルド] INFO  o.e.m.c.i.embedder.EclipseLogger - skip non existing resourceDirectory /Users/odataiyou/Documents/workspace/SpringFrameworkInEasySteps/springcore/src/test/resources
2022-10-19 08:18:45,074 [Worker-29: ビルド] WARN  o.e.m.c.i.embedder.EclipseLogger - Using platform encoding (UTF-8 actually) to copy filtered resources, i.e. build is platform dependent!
2022-10-19 08:18:45,078 [Worker-29: ビルド] INFO  o.e.m.c.i.embedder.EclipseLogger - skip non existing resourceDirectory /Users/odataiyou/Documents/workspace/SpringFrameworkInEasySteps/springcore/src/main/resources
2022-10-19 08:18:45,081 [Worker-29: ビルド] WARN  o.e.m.c.i.embedder.EclipseLogger - Using platform encoding (UTF-8 actually) to copy filtered resources, i.e. build is platform dependent!
2022-10-19 08:18:45,082 [Worker-29: ビルド] INFO  o.e.m.c.i.embedder.EclipseLogger - skip non existing resourceDirectory /Users/odataiyou/Documents/workspace/SpringFrameworkInEasySteps/springcore/src/test/resources
2022-10-19 08:20:13,977 [Worker-41: ビルド] WARN  o.e.m.c.i.embedder.EclipseLogger - Using platform encoding (UTF-8 actually) to copy filtered resources, i.e. build is platform dependent!
2022-10-19 08:20:13,980 [Worker-41: ビルド] INFO  o.e.m.c.i.embedder.EclipseLogger - skip non existing resourceDirectory /Users/odataiyou/Documents/workspace/SpringFrameworkInEasySteps/springcore/src/main/resources
2022-10-19 08:20:13,982 [Worker-41: ビルド] WARN  o.e.m.c.i.embedder.EclipseLogger - Using platform encoding (UTF-8 actually) to copy filtered resources, i.e. build is platform dependent!
2022-10-19 08:20:13,983 [Worker-41: ビルド] INFO  o.e.m.c.i.embedder.EclipseLogger - skip non existing resourceDirectory /Users/odataiyou/Documents/workspace/SpringFrameworkInEasySteps/springcore/src/test/resources
2022-10-19 08:24:28,003 [Worker-38: ビルド] WARN  o.e.m.c.i.embedder.EclipseLogger - Using platform encoding (UTF-8 actually) to copy filtered resources, i.e. build is platform dependent!
2022-10-19 08:24:28,007 [Worker-38: ビルド] INFO  o.e.m.c.i.embedder.EclipseLogger - skip non existing resourceDirectory /Users/odataiyou/Documents/workspace/SpringFrameworkInEasySteps/springcore/src/main/resources
2022-10-19 08:24:28,009 [Worker-38: ビルド] WARN  o.e.m.c.i.embedder.EclipseLogger - Using platform encoding (UTF-8 actually) to copy filtered resources, i.e. build is platform dependent!
2022-10-19 08:24:28,010 [Worker-38: ビルド] INFO  o.e.m.c.i.embedder.EclipseLogger - skip non existing resourceDirectory /Users/odataiyou/Documents/workspace/SpringFrameworkInEasySteps/springcore/src/test/resources
2022-10-19 08:28:45,754 [Worker-44: ビルド] WARN  o.e.m.c.i.embedder.EclipseLogger - Using platform encoding (UTF-8 actually) to copy filtered resources, i.e. build is platform dependent!
2022-10-19 08:28:45,761 [Worker-44: ビルド] INFO  o.e.m.c.i.embedder.EclipseLogger - skip non existing resourceDirectory /Users/odataiyou/Documents/workspace/SpringFrameworkInEasySteps/springcore/src/main/resources
2022-10-19 08:28:45,763 [Worker-44: ビルド] WARN  o.e.m.c.i.embedder.EclipseLogger - Using platform encoding (UTF-8 actually) to copy filtered resources, i.e. build is platform dependent!
2022-10-19 08:28:45,765 [Worker-44: ビルド] INFO  o.e.m.c.i.embedder.EclipseLogger - skip non existing resourceDirectory /Users/odataiyou/Documents/workspace/SpringFrameworkInEasySteps/springcore/src/test/resources
2022-10-19 08:34:43,657 [Worker-46: ビルド] WARN  o.e.m.c.i.embedder.EclipseLogger - Using platform encoding (UTF-8 actually) to copy filtered resources, i.e. build is platform dependent!
2022-10-19 08:34:43,661 [Worker-46: ビルド] INFO  o.e.m.c.i.embedder.EclipseLogger - skip non existing resourceDirectory /Users/odataiyou/Documents/workspace/SpringFrameworkInEasySteps/springcore/src/main/resources
2022-10-19 08:34:43,666 [Worker-46: ビルド] WARN  o.e.m.c.i.embedder.EclipseLogger - Using platform encoding (UTF-8 actually) to copy filtered resources, i.e. build is platform dependent!
2022-10-19 08:34:43,667 [Worker-46: ビルド] INFO  o.e.m.c.i.embedder.EclipseLogger - skip non existing resourceDirectory /Users/odataiyou/Documents/workspace/SpringFrameworkInEasySteps/springcore/src/test/resources
2022-10-20 05:40:30,846 [Worker-52: ビルド] WARN  o.e.m.c.i.embedder.EclipseLogger - Using platform encoding (UTF-8 actually) to copy filtered resources, i.e. build is platform dependent!
2022-10-20 05:40:30,859 [Worker-52: ビルド] INFO  o.e.m.c.i.embedder.EclipseLogger - skip non existing resourceDirectory /Users/odataiyou/Documents/workspace/SpringFrameworkInEasySteps/springcore/src/main/resources
2022-10-20 05:40:30,863 [Worker-52: ビルド] WARN  o.e.m.c.i.embedder.EclipseLogger - Using platform encoding (UTF-8 actually) to copy filtered resources, i.e. build is platform dependent!
2022-10-20 05:40:30,864 [Worker-52: ビルド] INFO  o.e.m.c.i.embedder.EclipseLogger - skip non existing resourceDirectory /Users/odataiyou/Documents/workspace/SpringFrameworkInEasySteps/springcore/src/test/resources
2022-10-20 05:47:02,988 [Worker-51: ビルド] WARN  o.e.m.c.i.embedder.EclipseLogger - Using platform encoding (UTF-8 actually) to copy filtered resources, i.e. build is platform dependent!
2022-10-20 05:47:02,990 [Worker-51: ビルド] INFO  o.e.m.c.i.embedder.EclipseLogger - skip non existing resourceDirectory /Users/odataiyou/Documents/workspace/SpringFrameworkInEasySteps/springcore/src/main/resources
2022-10-20 05:47:02,991 [Worker-51: ビルド] WARN  o.e.m.c.i.embedder.EclipseLogger - Using platform encoding (UTF-8 actually) to copy filtered resources, i.e. build is platform dependent!
2022-10-20 05:47:02,992 [Worker-51: ビルド] INFO  o.e.m.c.i.embedder.EclipseLogger - skip non existing resourceDirectory /Users/odataiyou/Documents/workspace/SpringFrameworkInEasySteps/springcore/src/test/resources
2022-10-20 05:51:05,675 [Worker-51: ビルド] WARN  o.e.m.c.i.embedder.EclipseLogger - Using platform encoding (UTF-8 actually) to copy filtered resources, i.e. build is platform dependent!
2022-10-20 05:51:05,678 [Worker-51: ビルド] INFO  o.e.m.c.i.embedder.EclipseLogger - skip non existing resourceDirectory /Users/odataiyou/Documents/workspace/SpringFrameworkInEasySteps/springcore/src/main/resources
2022-10-20 05:51:05,680 [Worker-51: ビルド] WARN  o.e.m.c.i.embedder.EclipseLogger - Using platform encoding (UTF-8 actually) to copy filtered resources, i.e. build is platform dependent!
2022-10-20 05:51:05,683 [Worker-51: ビルド] INFO  o.e.m.c.i.embedder.EclipseLogger - skip non existing resourceDirectory /Users/odataiyou/Documents/workspace/SpringFrameworkInEasySteps/springcore/src/test/resources
2022-10-20 07:14:20,755 [Worker-56: ビルド] WARN  o.e.m.c.i.embedder.EclipseLogger - Using platform encoding (UTF-8 actually) to copy filtered resources, i.e. build is platform dependent!
2022-10-20 07:14:20,760 [Worker-56: ビルド] INFO  o.e.m.c.i.embedder.EclipseLogger - skip non existing resourceDirectory /Users/odataiyou/Documents/workspace/SpringFrameworkInEasySteps/springcore/src/main/resources
2022-10-20 07:14:20,761 [Worker-56: ビルド] WARN  o.e.m.c.i.embedder.EclipseLogger - Using platform encoding (UTF-8 actually) to copy filtered resources, i.e. build is platform dependent!
2022-10-20 07:14:20,763 [Worker-56: ビルド] INFO  o.e.m.c.i.embedder.EclipseLogger - skip non existing resourceDirectory /Users/odataiyou/Documents/workspace/SpringFrameworkInEasySteps/springcore/src/test/resources
2022-10-20 07:14:41,895 [Worker-59: ビルド] WARN  o.e.m.c.i.embedder.EclipseLogger - Using platform encoding (UTF-8 actually) to copy filtered resources, i.e. build is platform dependent!
2022-10-20 07:14:41,900 [Worker-59: ビルド] INFO  o.e.m.c.i.embedder.EclipseLogger - skip non existing resourceDirectory /Users/odataiyou/Documents/workspace/SpringFrameworkInEasySteps/springcore/src/main/resources
2022-10-20 07:14:41,901 [Worker-59: ビルド] WARN  o.e.m.c.i.embedder.EclipseLogger - Using platform encoding (UTF-8 actually) to copy filtered resources, i.e. build is platform dependent!
2022-10-20 07:14:41,902 [Worker-59: ビルド] INFO  o.e.m.c.i.embedder.EclipseLogger - skip non existing resourceDirectory /Users/odataiyou/Documents/workspace/SpringFrameworkInEasySteps/springcore/src/test/resources
2022-10-20 07:22:16,107 [Worker-62: ビルド] WARN  o.e.m.c.i.embedder.EclipseLogger - Using platform encoding (UTF-8 actually) to copy filtered resources, i.e. build is platform dependent!
2022-10-20 07:22:16,110 [Worker-62: ビルド] INFO  o.e.m.c.i.embedder.EclipseLogger - skip non existing resourceDirectory /Users/odataiyou/Documents/workspace/SpringFrameworkInEasySteps/springcore/src/main/resources
2022-10-20 07:22:16,113 [Worker-62: ビルド] WARN  o.e.m.c.i.embedder.EclipseLogger - Using platform encoding (UTF-8 actually) to copy filtered resources, i.e. build is platform dependent!
2022-10-20 07:22:16,113 [Worker-62: ビルド] INFO  o.e.m.c.i.embedder.EclipseLogger - skip non existing resourceDirectory /Users/odataiyou/Documents/workspace/SpringFrameworkInEasySteps/springcore/src/test/resources
2022-10-20 07:22:25,160 [Worker-62: ビルド] WARN  o.e.m.c.i.embedder.EclipseLogger - Using platform encoding (UTF-8 actually) to copy filtered resources, i.e. build is platform dependent!
2022-10-20 07:22:25,162 [Worker-62: ビルド] INFO  o.e.m.c.i.embedder.EclipseLogger - skip non existing resourceDirectory /Users/odataiyou/Documents/workspace/SpringFrameworkInEasySteps/springcore/src/main/resources
2022-10-20 07:22:25,168 [Worker-62: ビルド] WARN  o.e.m.c.i.embedder.EclipseLogger - Using platform encoding (UTF-8 actually) to copy filtered resources, i.e. build is platform dependent!
2022-10-20 07:22:25,170 [Worker-62: ビルド] INFO  o.e.m.c.i.embedder.EclipseLogger - skip non existing resourceDirectory /Users/odataiyou/Documents/workspace/SpringFrameworkInEasySteps/springcore/src/test/resources
2022-10-20 07:28:44,469 [Worker-66: ビルド] WARN  o.e.m.c.i.embedder.EclipseLogger - Using platform encoding (UTF-8 actually) to copy filtered resources, i.e. build is platform dependent!
2022-10-20 07:28:44,471 [Worker-66: ビルド] INFO  o.e.m.c.i.embedder.EclipseLogger - skip non existing resourceDirectory /Users/odataiyou/Documents/workspace/SpringFrameworkInEasySteps/springcore/src/main/resources
2022-10-20 07:28:44,474 [Worker-66: ビルド] WARN  o.e.m.c.i.embedder.EclipseLogger - Using platform encoding (UTF-8 actually) to copy filtered resources, i.e. build is platform dependent!
2022-10-20 07:28:44,474 [Worker-66: ビルド] INFO  o.e.m.c.i.embedder.EclipseLogger - skip non existing resourceDirectory /Users/odataiyou/Documents/workspace/SpringFrameworkInEasySteps/springcore/src/test/resources
2022-10-20 07:29:59,523 [Worker-51: ビルド] WARN  o.e.m.c.i.embedder.EclipseLogger - Using platform encoding (UTF-8 actually) to copy filtered resources, i.e. build is platform dependent!
2022-10-20 07:29:59,524 [Worker-51: ビルド] INFO  o.e.m.c.i.embedder.EclipseLogger - skip non existing resourceDirectory /Users/odataiyou/Documents/workspace/SpringFrameworkInEasySteps/springcore/src/main/resources
2022-10-20 07:29:59,526 [Worker-51: ビルド] WARN  o.e.m.c.i.embedder.EclipseLogger - Using platform encoding (UTF-8 actually) to copy filtered resources, i.e. build is platform dependent!
2022-10-20 07:29:59,527 [Worker-51: ビルド] INFO  o.e.m.c.i.embedder.EclipseLogger - skip non existing resourceDirectory /Users/odataiyou/Documents/workspace/SpringFrameworkInEasySteps/springcore/src/test/resources
2022-10-20 07:30:31,071 [Worker-64: ビルド] WARN  o.e.m.c.i.embedder.EclipseLogger - Using platform encoding (UTF-8 actually) to copy filtered resources, i.e. build is platform dependent!
2022-10-20 07:30:31,077 [Worker-64: ビルド] INFO  o.e.m.c.i.embedder.EclipseLogger - skip non existing resourceDirectory /Users/odataiyou/Documents/workspace/SpringFrameworkInEasySteps/springcore/src/main/resources
2022-10-20 07:30:31,086 [Worker-64: ビルド] WARN  o.e.m.c.i.embedder.EclipseLogger - Using platform encoding (UTF-8 actually) to copy filtered resources, i.e. build is platform dependent!
2022-10-20 07:30:31,088 [Worker-64: ビルド] INFO  o.e.m.c.i.embedder.EclipseLogger - skip non existing resourceDirectory /Users/odataiyou/Documents/workspace/SpringFrameworkInEasySteps/springcore/src/test/resources
2022-10-20 07:35:21,299 [Worker-70: ビルド] WARN  o.e.m.c.i.embedder.EclipseLogger - Using platform encoding (UTF-8 actually) to copy filtered resources, i.e. build is platform dependent!
2022-10-20 07:35:21,301 [Worker-70: ビルド] INFO  o.e.m.c.i.embedder.EclipseLogger - skip non existing resourceDirectory /Users/odataiyou/Documents/workspace/SpringFrameworkInEasySteps/springcore/src/main/resources
2022-10-20 07:35:21,310 [Worker-70: ビルド] WARN  o.e.m.c.i.embedder.EclipseLogger - Using platform encoding (UTF-8 actually) to copy filtered resources, i.e. build is platform dependent!
2022-10-20 07:35:21,312 [Worker-70: ビルド] INFO  o.e.m.c.i.embedder.EclipseLogger - skip non existing resourceDirectory /Users/odataiyou/Documents/workspace/SpringFrameworkInEasySteps/springcore/src/test/resources
2022-10-20 07:35:53,227 [Worker-70: ビルド] WARN  o.e.m.c.i.embedder.EclipseLogger - Using platform encoding (UTF-8 actually) to copy filtered resources, i.e. build is platform dependent!
2022-10-20 07:35:53,228 [Worker-70: ビルド] INFO  o.e.m.c.i.embedder.EclipseLogger - skip non existing resourceDirectory /Users/odataiyou/Documents/workspace/SpringFrameworkInEasySteps/springcore/src/main/resources
2022-10-20 07:35:53,231 [Worker-70: ビルド] WARN  o.e.m.c.i.embedder.EclipseLogger - Using platform encoding (UTF-8 actually) to copy filtered resources, i.e. build is platform dependent!
2022-10-20 07:35:53,231 [Worker-70: ビルド] INFO  o.e.m.c.i.embedder.EclipseLogger - skip non existing resourceDirectory /Users/odataiyou/Documents/workspace/SpringFrameworkInEasySteps/springcore/src/test/resources
2022-10-20 07:36:47,134 [Worker-68: ビルド] WARN  o.e.m.c.i.embedder.EclipseLogger - Using platform encoding (UTF-8 actually) to copy filtered resources, i.e. build is platform dependent!
2022-10-20 07:36:47,135 [Worker-68: ビルド] INFO  o.e.m.c.i.embedder.EclipseLogger - skip non existing resourceDirectory /Users/odataiyou/Documents/workspace/SpringFrameworkInEasySteps/springcore/src/main/resources
2022-10-20 07:36:47,137 [Worker-68: ビルド] WARN  o.e.m.c.i.embedder.EclipseLogger - Using platform encoding (UTF-8 actually) to copy filtered resources, i.e. build is platform dependent!
2022-10-20 07:36:47,137 [Worker-68: ビルド] INFO  o.e.m.c.i.embedder.EclipseLogger - skip non existing resourceDirectory /Users/odataiyou/Documents/workspace/SpringFrameworkInEasySteps/springcore/src/test/resources
2022-10-20 07:36:59,305 [Worker-68: ビルド] WARN  o.e.m.c.i.embedder.EclipseLogger - Using platform encoding (UTF-8 actually) to copy filtered resources, i.e. build is platform dependent!
2022-10-20 07:36:59,309 [Worker-68: ビルド] INFO  o.e.m.c.i.embedder.EclipseLogger - skip non existing resourceDirectory /Users/odataiyou/Documents/workspace/SpringFrameworkInEasySteps/springcore/src/main/resources
2022-10-20 07:36:59,311 [Worker-68: ビルド] WARN  o.e.m.c.i.embedder.EclipseLogger - Using platform encoding (UTF-8 actually) to copy filtered resources, i.e. build is platform dependent!
2022-10-20 07:36:59,312 [Worker-68: ビルド] INFO  o.e.m.c.i.embedder.EclipseLogger - skip non existing resourceDirectory /Users/odataiyou/Documents/workspace/SpringFrameworkInEasySteps/springcore/src/test/resources
2022-10-20 07:37:14,436 [Worker-70: ビルド] WARN  o.e.m.c.i.embedder.EclipseLogger - Using platform encoding (UTF-8 actually) to copy filtered resources, i.e. build is platform dependent!
2022-10-20 07:37:14,437 [Worker-70: ビルド] INFO  o.e.m.c.i.embedder.EclipseLogger - skip non existing resourceDirectory /Users/odataiyou/Documents/workspace/SpringFrameworkInEasySteps/springcore/src/main/resources
2022-10-20 07:37:14,441 [Worker-70: ビルド] WARN  o.e.m.c.i.embedder.EclipseLogger - Using platform encoding (UTF-8 actually) to copy filtered resources, i.e. build is platform dependent!
2022-10-20 07:37:14,442 [Worker-70: ビルド] INFO  o.e.m.c.i.embedder.EclipseLogger - skip non existing resourceDirectory /Users/odataiyou/Documents/workspace/SpringFrameworkInEasySteps/springcore/src/test/resources
2022-10-20 07:37:18,574 [Worker-69: ビルド] WARN  o.e.m.c.i.embedder.EclipseLogger - Using platform encoding (UTF-8 actually) to copy filtered resources, i.e. build is platform dependent!
2022-10-20 07:37:18,575 [Worker-69: ビルド] INFO  o.e.m.c.i.embedder.EclipseLogger - skip non existing resourceDirectory /Users/odataiyou/Documents/workspace/SpringFrameworkInEasySteps/springcore/src/main/resources
2022-10-20 07:37:18,577 [Worker-69: ビルド] WARN  o.e.m.c.i.embedder.EclipseLogger - Using platform encoding (UTF-8 actually) to copy filtered resources, i.e. build is platform dependent!
2022-10-20 07:37:18,578 [Worker-69: ビルド] INFO  o.e.m.c.i.embedder.EclipseLogger - skip non existing resourceDirectory /Users/odataiyou/Documents/workspace/SpringFrameworkInEasySteps/springcore/src/test/resources
2022-10-20 07:37:25,079 [Worker-51: ビルド] WARN  o.e.m.c.i.embedder.EclipseLogger - Using platform encoding (UTF-8 actually) to copy filtered resources, i.e. build is platform dependent!
2022-10-20 07:37:25,079 [Worker-51: ビルド] INFO  o.e.m.c.i.embedder.EclipseLogger - skip non existing resourceDirectory /Users/odataiyou/Documents/workspace/SpringFrameworkInEasySteps/springcore/src/main/resources
2022-10-20 07:37:25,082 [Worker-51: ビルド] WARN  o.e.m.c.i.embedder.EclipseLogger - Using platform encoding (UTF-8 actually) to copy filtered resources, i.e. build is platform dependent!
2022-10-20 07:37:25,083 [Worker-51: ビルド] INFO  o.e.m.c.i.embedder.EclipseLogger - skip non existing resourceDirectory /Users/odataiyou/Documents/workspace/SpringFrameworkInEasySteps/springcore/src/test/resources
2022-10-20 07:41:19,513 [Worker-67: ビルド] WARN  o.e.m.c.i.embedder.EclipseLogger - Using platform encoding (UTF-8 actually) to copy filtered resources, i.e. build is platform dependent!
2022-10-20 07:41:19,516 [Worker-67: ビルド] INFO  o.e.m.c.i.embedder.EclipseLogger - skip non existing resourceDirectory /Users/odataiyou/Documents/workspace/SpringFrameworkInEasySteps/springcore/src/main/resources
2022-10-20 07:41:19,518 [Worker-67: ビルド] WARN  o.e.m.c.i.embedder.EclipseLogger - Using platform encoding (UTF-8 actually) to copy filtered resources, i.e. build is platform dependent!
2022-10-20 07:41:19,519 [Worker-67: ビルド] INFO  o.e.m.c.i.embedder.EclipseLogger - skip non existing resourceDirectory /Users/odataiyou/Documents/workspace/SpringFrameworkInEasySteps/springcore/src/test/resources
2022-10-20 07:44:37,573 [Worker-51: ビルド] WARN  o.e.m.c.i.embedder.EclipseLogger - Using platform encoding (UTF-8 actually) to copy filtered resources, i.e. build is platform dependent!
2022-10-20 07:44:37,574 [Worker-51: ビルド] INFO  o.e.m.c.i.embedder.EclipseLogger - skip non existing resourceDirectory /Users/odataiyou/Documents/workspace/SpringFrameworkInEasySteps/springcore/src/main/resources
2022-10-20 07:44:37,577 [Worker-51: ビルド] WARN  o.e.m.c.i.embedder.EclipseLogger - Using platform encoding (UTF-8 actually) to copy filtered resources, i.e. build is platform dependent!
2022-10-20 07:44:37,578 [Worker-51: ビルド] INFO  o.e.m.c.i.embedder.EclipseLogger - skip non existing resourceDirectory /Users/odataiyou/Documents/workspace/SpringFrameworkInEasySteps/springcore/src/test/resources
2022-10-20 07:47:15,781 [Worker-67: ビルド] WARN  o.e.m.c.i.embedder.EclipseLogger - Using platform encoding (UTF-8 actually) to copy filtered resources, i.e. build is platform dependent!
2022-10-20 07:47:15,783 [Worker-67: ビルド] INFO  o.e.m.c.i.embedder.EclipseLogger - skip non existing resourceDirectory /Users/odataiyou/Documents/workspace/SpringFrameworkInEasySteps/springcore/src/main/resources
2022-10-20 07:47:15,785 [Worker-67: ビルド] WARN  o.e.m.c.i.embedder.EclipseLogger - Using platform encoding (UTF-8 actually) to copy filtered resources, i.e. build is platform dependent!
2022-10-20 07:47:15,785 [Worker-67: ビルド] INFO  o.e.m.c.i.embedder.EclipseLogger - skip non existing resourceDirectory /Users/odataiyou/Documents/workspace/SpringFrameworkInEasySteps/springcore/src/test/resources
2022-10-20 07:49:43,095 [Worker-71: ビルド] WARN  o.e.m.c.i.embedder.EclipseLogger - Using platform encoding (UTF-8 actually) to copy filtered resources, i.e. build is platform dependent!
2022-10-20 07:49:43,099 [Worker-71: ビルド] INFO  o.e.m.c.i.embedder.EclipseLogger - skip non existing resourceDirectory /Users/odataiyou/Documents/workspace/SpringFrameworkInEasySteps/springcore/src/main/resources
2022-10-20 07:49:43,103 [Worker-71: ビルド] WARN  o.e.m.c.i.embedder.EclipseLogger - Using platform encoding (UTF-8 actually) to copy filtered resources, i.e. build is platform dependent!
2022-10-20 07:49:43,105 [Worker-71: ビルド] INFO  o.e.m.c.i.embedder.EclipseLogger - skip non existing resourceDirectory /Users/odataiyou/Documents/workspace/SpringFrameworkInEasySteps/springcore/src/test/resources
2022-10-20 07:50:20,611 [Worker-75: ビルド] WARN  o.e.m.c.i.embedder.EclipseLogger - Using platform encoding (UTF-8 actually) to copy filtered resources, i.e. build is platform dependent!
2022-10-20 07:50:20,612 [Worker-75: ビルド] INFO  o.e.m.c.i.embedder.EclipseLogger - skip non existing resourceDirectory /Users/odataiyou/Documents/workspace/SpringFrameworkInEasySteps/springcore/src/main/resources
2022-10-20 07:50:20,613 [Worker-75: ビルド] WARN  o.e.m.c.i.embedder.EclipseLogger - Using platform encoding (UTF-8 actually) to copy filtered resources, i.e. build is platform dependent!
2022-10-20 07:50:20,613 [Worker-75: ビルド] INFO  o.e.m.c.i.embedder.EclipseLogger - skip non existing resourceDirectory /Users/odataiyou/Documents/workspace/SpringFrameworkInEasySteps/springcore/src/test/resources
2022-10-20 07:51:54,817 [Worker-71: ビルド] WARN  o.e.m.c.i.embedder.EclipseLogger - Using platform encoding (UTF-8 actually) to copy filtered resources, i.e. build is platform dependent!
2022-10-20 07:51:54,819 [Worker-71: ビルド] INFO  o.e.m.c.i.embedder.EclipseLogger - skip non existing resourceDirectory /Users/odataiyou/Documents/workspace/SpringFrameworkInEasySteps/springcore/src/main/resources
2022-10-20 07:51:54,820 [Worker-71: ビルド] WARN  o.e.m.c.i.embedder.EclipseLogger - Using platform encoding (UTF-8 actually) to copy filtered resources, i.e. build is platform dependent!
2022-10-20 07:51:54,820 [Worker-71: ビルド] INFO  o.e.m.c.i.embedder.EclipseLogger - skip non existing resourceDirectory /Users/odataiyou/Documents/workspace/SpringFrameworkInEasySteps/springcore/src/test/resources
2022-10-20 07:52:40,162 [Worker-73: ビルド] WARN  o.e.m.c.i.embedder.EclipseLogger - Using platform encoding (UTF-8 actually) to copy filtered resources, i.e. build is platform dependent!
2022-10-20 07:52:40,163 [Worker-73: ビルド] INFO  o.e.m.c.i.embedder.EclipseLogger - skip non existing resourceDirectory /Users/odataiyou/Documents/workspace/SpringFrameworkInEasySteps/springcore/src/main/resources
2022-10-20 07:52:40,164 [Worker-73: ビルド] WARN  o.e.m.c.i.embedder.EclipseLogger - Using platform encoding (UTF-8 actually) to copy filtered resources, i.e. build is platform dependent!
2022-10-20 07:52:40,165 [Worker-73: ビルド] INFO  o.e.m.c.i.embedder.EclipseLogger - skip non existing resourceDirectory /Users/odataiyou/Documents/workspace/SpringFrameworkInEasySteps/springcore/src/test/resources
2022-10-20 08:19:35,219 [Worker-74: ビルド] WARN  o.e.m.c.i.embedder.EclipseLogger - Using platform encoding (UTF-8 actually) to copy filtered resources, i.e. build is platform dependent!
2022-10-20 08:19:35,225 [Worker-74: ビルド] INFO  o.e.m.c.i.embedder.EclipseLogger - skip non existing resourceDirectory /Users/odataiyou/Documents/workspace/SpringFrameworkInEasySteps/springcore/src/main/resources
2022-10-20 08:19:35,226 [Worker-74: ビルド] WARN  o.e.m.c.i.embedder.EclipseLogger - Using platform encoding (UTF-8 actually) to copy filtered resources, i.e. build is platform dependent!
2022-10-20 08:19:35,227 [Worker-74: ビルド] INFO  o.e.m.c.i.embedder.EclipseLogger - skip non existing resourceDirectory /Users/odataiyou/Documents/workspace/SpringFrameworkInEasySteps/springcore/src/test/resources
2022-10-20 08:20:33,868 [Worker-74: ビルド] WARN  o.e.m.c.i.embedder.EclipseLogger - Using platform encoding (UTF-8 actually) to copy filtered resources, i.e. build is platform dependent!
2022-10-20 08:20:33,873 [Worker-74: ビルド] INFO  o.e.m.c.i.embedder.EclipseLogger - skip non existing resourceDirectory /Users/odataiyou/Documents/workspace/SpringFrameworkInEasySteps/springcore/src/main/resources
2022-10-20 08:20:33,875 [Worker-74: ビルド] WARN  o.e.m.c.i.embedder.EclipseLogger - Using platform encoding (UTF-8 actually) to copy filtered resources, i.e. build is platform dependent!
2022-10-20 08:20:33,876 [Worker-74: ビルド] INFO  o.e.m.c.i.embedder.EclipseLogger - skip non existing resourceDirectory /Users/odataiyou/Documents/workspace/SpringFrameworkInEasySteps/springcore/src/test/resources
2022-10-20 08:20:43,572 [Worker-77: ビルド] WARN  o.e.m.c.i.embedder.EclipseLogger - Using platform encoding (UTF-8 actually) to copy filtered resources, i.e. build is platform dependent!
2022-10-20 08:20:43,585 [Worker-77: ビルド] INFO  o.e.m.c.i.embedder.EclipseLogger - skip non existing resourceDirectory /Users/odataiyou/Documents/workspace/SpringFrameworkInEasySteps/springcore/src/main/resources
2022-10-20 08:20:43,587 [Worker-77: ビルド] WARN  o.e.m.c.i.embedder.EclipseLogger - Using platform encoding (UTF-8 actually) to copy filtered resources, i.e. build is platform dependent!
2022-10-20 08:20:43,588 [Worker-77: ビルド] INFO  o.e.m.c.i.embedder.EclipseLogger - skip non existing resourceDirectory /Users/odataiyou/Documents/workspace/SpringFrameworkInEasySteps/springcore/src/test/resources
2022-10-20 08:20:52,040 [Worker-67: ビルド] WARN  o.e.m.c.i.embedder.EclipseLogger - Using platform encoding (UTF-8 actually) to copy filtered resources, i.e. build is platform dependent!
2022-10-20 08:20:52,065 [Worker-67: ビルド] INFO  o.e.m.c.i.embedder.EclipseLogger - skip non existing resourceDirectory /Users/odataiyou/Documents/workspace/SpringFrameworkInEasySteps/springcore/src/main/resources
2022-10-20 08:20:52,082 [Worker-67: ビルド] WARN  o.e.m.c.i.embedder.EclipseLogger - Using platform encoding (UTF-8 actually) to copy filtered resources, i.e. build is platform dependent!
2022-10-20 08:20:52,086 [Worker-67: ビルド] INFO  o.e.m.c.i.embedder.EclipseLogger - skip non existing resourceDirectory /Users/odataiyou/Documents/workspace/SpringFrameworkInEasySteps/springcore/src/test/resources
2022-10-20 08:21:04,979 [Worker-67: ビルド] WARN  o.e.m.c.i.embedder.EclipseLogger - Using platform encoding (UTF-8 actually) to copy filtered resources, i.e. build is platform dependent!
2022-10-20 08:21:04,985 [Worker-67: ビルド] INFO  o.e.m.c.i.embedder.EclipseLogger - skip non existing resourceDirectory /Users/odataiyou/Documents/workspace/SpringFrameworkInEasySteps/springcore/src/main/resources
2022-10-20 08:21:04,987 [Worker-67: ビルド] WARN  o.e.m.c.i.embedder.EclipseLogger - Using platform encoding (UTF-8 actually) to copy filtered resources, i.e. build is platform dependent!
2022-10-20 08:21:04,987 [Worker-67: ビルド] INFO  o.e.m.c.i.embedder.EclipseLogger - skip non existing resourceDirectory /Users/odataiyou/Documents/workspace/SpringFrameworkInEasySteps/springcore/src/test/resources
2022-10-20 08:24:13,033 [Worker-67: ビルド] WARN  o.e.m.c.i.embedder.EclipseLogger - Using platform encoding (UTF-8 actually) to copy filtered resources, i.e. build is platform dependent!
2022-10-20 08:24:13,038 [Worker-67: ビルド] INFO  o.e.m.c.i.embedder.EclipseLogger - skip non existing resourceDirectory /Users/odataiyou/Documents/workspace/SpringFrameworkInEasySteps/springcore/src/main/resources
2022-10-20 08:24:13,043 [Worker-67: ビルド] WARN  o.e.m.c.i.embedder.EclipseLogger - Using platform encoding (UTF-8 actually) to copy filtered resources, i.e. build is platform dependent!
2022-10-20 08:24:13,044 [Worker-67: ビルド] INFO  o.e.m.c.i.embedder.EclipseLogger - skip non existing resourceDirectory /Users/odataiyou/Documents/workspace/SpringFrameworkInEasySteps/springcore/src/test/resources
2022-10-20 08:24:26,534 [Worker-76: ビルド] WARN  o.e.m.c.i.embedder.EclipseLogger - Using platform encoding (UTF-8 actually) to copy filtered resources, i.e. build is platform dependent!
2022-10-20 08:24:26,535 [Worker-76: ビルド] INFO  o.e.m.c.i.embedder.EclipseLogger - skip non existing resourceDirectory /Users/odataiyou/Documents/workspace/SpringFrameworkInEasySteps/springcore/src/main/resources
2022-10-20 08:24:26,536 [Worker-76: ビルド] WARN  o.e.m.c.i.embedder.EclipseLogger - Using platform encoding (UTF-8 actually) to copy filtered resources, i.e. build is platform dependent!
2022-10-20 08:24:26,537 [Worker-76: ビルド] INFO  o.e.m.c.i.embedder.EclipseLogger - skip non existing resourceDirectory /Users/odataiyou/Documents/workspace/SpringFrameworkInEasySteps/springcore/src/test/resources
2022-10-20 08:25:39,123 [Worker-77: ビルド] WARN  o.e.m.c.i.embedder.EclipseLogger - Using platform encoding (UTF-8 actually) to copy filtered resources, i.e. build is platform dependent!
2022-10-20 08:25:39,127 [Worker-77: ビルド] INFO  o.e.m.c.i.embedder.EclipseLogger - skip non existing resourceDirectory /Users/odataiyou/Documents/workspace/SpringFrameworkInEasySteps/springcore/src/main/resources
2022-10-20 08:25:39,128 [Worker-77: ビルド] WARN  o.e.m.c.i.embedder.EclipseLogger - Using platform encoding (UTF-8 actually) to copy filtered resources, i.e. build is platform dependent!
2022-10-20 08:25:39,129 [Worker-77: ビルド] INFO  o.e.m.c.i.embedder.EclipseLogger - skip non existing resourceDirectory /Users/odataiyou/Documents/workspace/SpringFrameworkInEasySteps/springcore/src/test/resources
2022-10-20 08:26:21,963 [Worker-79: ビルド] WARN  o.e.m.c.i.embedder.EclipseLogger - Using platform encoding (UTF-8 actually) to copy filtered resources, i.e. build is platform dependent!
2022-10-20 08:26:21,964 [Worker-79: ビルド] INFO  o.e.m.c.i.embedder.EclipseLogger - skip non existing resourceDirectory /Users/odataiyou/Documents/workspace/SpringFrameworkInEasySteps/springcore/src/main/resources
2022-10-20 08:26:21,965 [Worker-79: ビルド] WARN  o.e.m.c.i.embedder.EclipseLogger - Using platform encoding (UTF-8 actually) to copy filtered resources, i.e. build is platform dependent!
2022-10-20 08:26:21,965 [Worker-79: ビルド] INFO  o.e.m.c.i.embedder.EclipseLogger - skip non existing resourceDirectory /Users/odataiyou/Documents/workspace/SpringFrameworkInEasySteps/springcore/src/test/resources
2022-10-20 08:28:14,111 [Worker-67: ビルド] WARN  o.e.m.c.i.embedder.EclipseLogger - Using platform encoding (UTF-8 actually) to copy filtered resources, i.e. build is platform dependent!
2022-10-20 08:28:14,116 [Worker-67: ビルド] INFO  o.e.m.c.i.embedder.EclipseLogger - skip non existing resourceDirectory /Users/odataiyou/Documents/workspace/SpringFrameworkInEasySteps/springcore/src/main/resources
2022-10-20 08:28:14,117 [Worker-67: ビルド] WARN  o.e.m.c.i.embedder.EclipseLogger - Using platform encoding (UTF-8 actually) to copy filtered resources, i.e. build is platform dependent!
2022-10-20 08:28:14,118 [Worker-67: ビルド] INFO  o.e.m.c.i.embedder.EclipseLogger - skip non existing resourceDirectory /Users/odataiyou/Documents/workspace/SpringFrameworkInEasySteps/springcore/src/test/resources
2022-10-20 08:28:19,730 [Worker-76: ビルド] WARN  o.e.m.c.i.embedder.EclipseLogger - Using platform encoding (UTF-8 actually) to copy filtered resources, i.e. build is platform dependent!
2022-10-20 08:28:19,739 [Worker-76: ビルド] INFO  o.e.m.c.i.embedder.EclipseLogger - skip non existing resourceDirectory /Users/odataiyou/Documents/workspace/SpringFrameworkInEasySteps/springcore/src/main/resources
2022-10-20 08:28:19,746 [Worker-76: ビルド] WARN  o.e.m.c.i.embedder.EclipseLogger - Using platform encoding (UTF-8 actually) to copy filtered resources, i.e. build is platform dependent!
2022-10-20 08:28:19,747 [Worker-76: ビルド] INFO  o.e.m.c.i.embedder.EclipseLogger - skip non existing resourceDirectory /Users/odataiyou/Documents/workspace/SpringFrameworkInEasySteps/springcore/src/test/resources
2022-10-20 08:34:46,600 [Worker-82: ビルド] WARN  o.e.m.c.i.embedder.EclipseLogger - Using platform encoding (UTF-8 actually) to copy filtered resources, i.e. build is platform dependent!
2022-10-20 08:34:46,603 [Worker-82: ビルド] INFO  o.e.m.c.i.embedder.EclipseLogger - skip non existing resourceDirectory /Users/odataiyou/Documents/workspace/SpringFrameworkInEasySteps/springcore/src/main/resources
2022-10-20 08:34:46,604 [Worker-82: ビルド] WARN  o.e.m.c.i.embedder.EclipseLogger - Using platform encoding (UTF-8 actually) to copy filtered resources, i.e. build is platform dependent!
2022-10-20 08:34:46,605 [Worker-82: ビルド] INFO  o.e.m.c.i.embedder.EclipseLogger - skip non existing resourceDirectory /Users/odataiyou/Documents/workspace/SpringFrameworkInEasySteps/springcore/src/test/resources
2022-10-20 08:35:58,583 [Worker-76: ビルド] WARN  o.e.m.c.i.embedder.EclipseLogger - Using platform encoding (UTF-8 actually) to copy filtered resources, i.e. build is platform dependent!
2022-10-20 08:35:58,584 [Worker-76: ビルド] INFO  o.e.m.c.i.embedder.EclipseLogger - skip non existing resourceDirectory /Users/odataiyou/Documents/workspace/SpringFrameworkInEasySteps/springcore/src/main/resources
2022-10-20 08:35:58,586 [Worker-76: ビルド] WARN  o.e.m.c.i.embedder.EclipseLogger - Using platform encoding (UTF-8 actually) to copy filtered resources, i.e. build is platform dependent!
2022-10-20 08:35:58,589 [Worker-76: ビルド] INFO  o.e.m.c.i.embedder.EclipseLogger - skip non existing resourceDirectory /Users/odataiyou/Documents/workspace/SpringFrameworkInEasySteps/springcore/src/test/resources
2022-10-20 08:36:19,990 [Worker-82: ビルド] WARN  o.e.m.c.i.embedder.EclipseLogger - Using platform encoding (UTF-8 actually) to copy filtered resources, i.e. build is platform dependent!
2022-10-20 08:36:19,991 [Worker-82: ビルド] INFO  o.e.m.c.i.embedder.EclipseLogger - skip non existing resourceDirectory /Users/odataiyou/Documents/workspace/SpringFrameworkInEasySteps/springcore/src/main/resources
2022-10-20 08:36:19,992 [Worker-82: ビルド] WARN  o.e.m.c.i.embedder.EclipseLogger - Using platform encoding (UTF-8 actually) to copy filtered resources, i.e. build is platform dependent!
2022-10-20 08:36:19,992 [Worker-82: ビルド] INFO  o.e.m.c.i.embedder.EclipseLogger - skip non existing resourceDirectory /Users/odataiyou/Documents/workspace/SpringFrameworkInEasySteps/springcore/src/test/resources
2022-10-21 07:12:17,328 [Worker-81: ビルド] WARN  o.e.m.c.i.embedder.EclipseLogger - Using platform encoding (UTF-8 actually) to copy filtered resources, i.e. build is platform dependent!
2022-10-21 07:12:17,337 [Worker-81: ビルド] INFO  o.e.m.c.i.embedder.EclipseLogger - skip non existing resourceDirectory /Users/odataiyou/Documents/workspace/SpringFrameworkInEasySteps/springcore/src/main/resources
2022-10-21 07:12:17,339 [Worker-81: ビルド] WARN  o.e.m.c.i.embedder.EclipseLogger - Using platform encoding (UTF-8 actually) to copy filtered resources, i.e. build is platform dependent!
2022-10-21 07:12:17,342 [Worker-81: ビルド] INFO  o.e.m.c.i.embedder.EclipseLogger - skip non existing resourceDirectory /Users/odataiyou/Documents/workspace/SpringFrameworkInEasySteps/springcore/src/test/resources
2022-10-21 07:12:26,750 [Worker-84: ビルド] WARN  o.e.m.c.i.embedder.EclipseLogger - Using platform encoding (UTF-8 actually) to copy filtered resources, i.e. build is platform dependent!
2022-10-21 07:12:26,751 [Worker-84: ビルド] INFO  o.e.m.c.i.embedder.EclipseLogger - skip non existing resourceDirectory /Users/odataiyou/Documents/workspace/SpringFrameworkInEasySteps/springcore/src/main/resources
2022-10-21 07:12:26,752 [Worker-84: ビルド] WARN  o.e.m.c.i.embedder.EclipseLogger - Using platform encoding (UTF-8 actually) to copy filtered resources, i.e. build is platform dependent!
2022-10-21 07:12:26,753 [Worker-84: ビルド] INFO  o.e.m.c.i.embedder.EclipseLogger - skip non existing resourceDirectory /Users/odataiyou/Documents/workspace/SpringFrameworkInEasySteps/springcore/src/test/resources
2022-10-21 07:13:57,849 [Worker-84: ビルド] WARN  o.e.m.c.i.embedder.EclipseLogger - Using platform encoding (UTF-8 actually) to copy filtered resources, i.e. build is platform dependent!
2022-10-21 07:13:57,851 [Worker-84: ビルド] INFO  o.e.m.c.i.embedder.EclipseLogger - skip non existing resourceDirectory /Users/odataiyou/Documents/workspace/SpringFrameworkInEasySteps/springcore/src/main/resources
2022-10-21 07:13:57,852 [Worker-84: ビルド] WARN  o.e.m.c.i.embedder.EclipseLogger - Using platform encoding (UTF-8 actually) to copy filtered resources, i.e. build is platform dependent!
2022-10-21 07:13:57,853 [Worker-84: ビルド] INFO  o.e.m.c.i.embedder.EclipseLogger - skip non existing resourceDirectory /Users/odataiyou/Documents/workspace/SpringFrameworkInEasySteps/springcore/src/test/resources
2022-10-21 07:14:08,893 [Worker-85: ビルド] WARN  o.e.m.c.i.embedder.EclipseLogger - Using platform encoding (UTF-8 actually) to copy filtered resources, i.e. build is platform dependent!
2022-10-21 07:14:08,893 [Worker-85: ビルド] INFO  o.e.m.c.i.embedder.EclipseLogger - skip non existing resourceDirectory /Users/odataiyou/Documents/workspace/SpringFrameworkInEasySteps/springcore/src/main/resources
2022-10-21 07:14:08,894 [Worker-85: ビルド] WARN  o.e.m.c.i.embedder.EclipseLogger - Using platform encoding (UTF-8 actually) to copy filtered resources, i.e. build is platform dependent!
2022-10-21 07:14:08,894 [Worker-85: ビルド] INFO  o.e.m.c.i.embedder.EclipseLogger - skip non existing resourceDirectory /Users/odataiyou/Documents/workspace/SpringFrameworkInEasySteps/springcore/src/test/resources
2022-10-21 07:16:54,676 [Worker-85: ビルド] WARN  o.e.m.c.i.embedder.EclipseLogger - Using platform encoding (UTF-8 actually) to copy filtered resources, i.e. build is platform dependent!
2022-10-21 07:16:54,680 [Worker-85: ビルド] INFO  o.e.m.c.i.embedder.EclipseLogger - skip non existing resourceDirectory /Users/odataiyou/Documents/workspace/SpringFrameworkInEasySteps/springcore/src/main/resources
2022-10-21 07:16:54,680 [Worker-85: ビルド] WARN  o.e.m.c.i.embedder.EclipseLogger - Using platform encoding (UTF-8 actually) to copy filtered resources, i.e. build is platform dependent!
2022-10-21 07:16:54,681 [Worker-85: ビルド] INFO  o.e.m.c.i.embedder.EclipseLogger - skip non existing resourceDirectory /Users/odataiyou/Documents/workspace/SpringFrameworkInEasySteps/springcore/src/test/resources
2022-10-21 07:17:29,921 [Worker-76: ビルド] WARN  o.e.m.c.i.embedder.EclipseLogger - Using platform encoding (UTF-8 actually) to copy filtered resources, i.e. build is platform dependent!
2022-10-21 07:17:29,924 [Worker-76: ビルド] INFO  o.e.m.c.i.embedder.EclipseLogger - skip non existing resourceDirectory /Users/odataiyou/Documents/workspace/SpringFrameworkInEasySteps/springcore/src/main/resources
2022-10-21 07:17:29,926 [Worker-76: ビルド] WARN  o.e.m.c.i.embedder.EclipseLogger - Using platform encoding (UTF-8 actually) to copy filtered resources, i.e. build is platform dependent!
2022-10-21 07:17:29,926 [Worker-76: ビルド] INFO  o.e.m.c.i.embedder.EclipseLogger - skip non existing resourceDirectory /Users/odataiyou/Documents/workspace/SpringFrameworkInEasySteps/springcore/src/test/resources
2022-10-21 07:20:11,567 [Worker-81: ビルド] WARN  o.e.m.c.i.embedder.EclipseLogger - Using platform encoding (UTF-8 actually) to copy filtered resources, i.e. build is platform dependent!
2022-10-21 07:20:11,577 [Worker-81: ビルド] INFO  o.e.m.c.i.embedder.EclipseLogger - skip non existing resourceDirectory /Users/odataiyou/Documents/workspace/SpringFrameworkInEasySteps/springcore/src/main/resources
2022-10-21 07:20:11,579 [Worker-81: ビルド] WARN  o.e.m.c.i.embedder.EclipseLogger - Using platform encoding (UTF-8 actually) to copy filtered resources, i.e. build is platform dependent!
2022-10-21 07:20:11,581 [Worker-81: ビルド] INFO  o.e.m.c.i.embedder.EclipseLogger - skip non existing resourceDirectory /Users/odataiyou/Documents/workspace/SpringFrameworkInEasySteps/springcore/src/test/resources
2022-10-21 07:23:25,282 [Worker-85: ビルド] WARN  o.e.m.c.i.embedder.EclipseLogger - Using platform encoding (UTF-8 actually) to copy filtered resources, i.e. build is platform dependent!
2022-10-21 07:23:25,287 [Worker-85: ビルド] INFO  o.e.m.c.i.embedder.EclipseLogger - skip non existing resourceDirectory /Users/odataiyou/Documents/workspace/SpringFrameworkInEasySteps/springcore/src/main/resources
2022-10-21 07:23:25,288 [Worker-85: ビルド] WARN  o.e.m.c.i.embedder.EclipseLogger - Using platform encoding (UTF-8 actually) to copy filtered resources, i.e. build is platform dependent!
2022-10-21 07:23:25,289 [Worker-85: ビルド] INFO  o.e.m.c.i.embedder.EclipseLogger - skip non existing resourceDirectory /Users/odataiyou/Documents/workspace/SpringFrameworkInEasySteps/springcore/src/test/resources
2022-10-21 07:23:31,877 [Worker-85: ビルド] WARN  o.e.m.c.i.embedder.EclipseLogger - Using platform encoding (UTF-8 actually) to copy filtered resources, i.e. build is platform dependent!
2022-10-21 07:23:31,878 [Worker-85: ビルド] INFO  o.e.m.c.i.embedder.EclipseLogger - skip non existing resourceDirectory /Users/odataiyou/Documents/workspace/SpringFrameworkInEasySteps/springcore/src/main/resources
2022-10-21 07:23:31,879 [Worker-85: ビルド] WARN  o.e.m.c.i.embedder.EclipseLogger - Using platform encoding (UTF-8 actually) to copy filtered resources, i.e. build is platform dependent!
2022-10-21 07:23:31,880 [Worker-85: ビルド] INFO  o.e.m.c.i.embedder.EclipseLogger - skip non existing resourceDirectory /Users/odataiyou/Documents/workspace/SpringFrameworkInEasySteps/springcore/src/test/resources
2022-10-21 07:33:52,697 [Worker-87: ビルド] WARN  o.e.m.c.i.embedder.EclipseLogger - Using platform encoding (UTF-8 actually) to copy filtered resources, i.e. build is platform dependent!
2022-10-21 07:33:52,703 [Worker-87: ビルド] INFO  o.e.m.c.i.embedder.EclipseLogger - skip non existing resourceDirectory /Users/odataiyou/Documents/workspace/SpringFrameworkInEasySteps/springcore/src/main/resources
2022-10-21 07:33:52,705 [Worker-87: ビルド] WARN  o.e.m.c.i.embedder.EclipseLogger - Using platform encoding (UTF-8 actually) to copy filtered resources, i.e. build is platform dependent!
2022-10-21 07:33:52,706 [Worker-87: ビルド] INFO  o.e.m.c.i.embedder.EclipseLogger - skip non existing resourceDirectory /Users/odataiyou/Documents/workspace/SpringFrameworkInEasySteps/springcore/src/test/resources
2022-10-21 07:39:41,320 [Worker-90: ビルド] WARN  o.e.m.c.i.embedder.EclipseLogger - Using platform encoding (UTF-8 actually) to copy filtered resources, i.e. build is platform dependent!
2022-10-21 07:39:41,328 [Worker-90: ビルド] INFO  o.e.m.c.i.embedder.EclipseLogger - skip non existing resourceDirectory /Users/odataiyou/Documents/workspace/SpringFrameworkInEasySteps/springcore/src/main/resources
2022-10-21 07:39:41,336 [Worker-90: ビルド] WARN  o.e.m.c.i.embedder.EclipseLogger - Using platform encoding (UTF-8 actually) to copy filtered resources, i.e. build is platform dependent!
2022-10-21 07:39:41,336 [Worker-90: ビルド] INFO  o.e.m.c.i.embedder.EclipseLogger - skip non existing resourceDirectory /Users/odataiyou/Documents/workspace/SpringFrameworkInEasySteps/springcore/src/test/resources
2022-10-21 07:40:12,210 [Worker-87: ビルド] WARN  o.e.m.c.i.embedder.EclipseLogger - Using platform encoding (UTF-8 actually) to copy filtered resources, i.e. build is platform dependent!
2022-10-21 07:40:12,212 [Worker-87: ビルド] INFO  o.e.m.c.i.embedder.EclipseLogger - skip non existing resourceDirectory /Users/odataiyou/Documents/workspace/SpringFrameworkInEasySteps/springcore/src/main/resources
2022-10-21 07:40:12,213 [Worker-87: ビルド] WARN  o.e.m.c.i.embedder.EclipseLogger - Using platform encoding (UTF-8 actually) to copy filtered resources, i.e. build is platform dependent!
2022-10-21 07:40:12,213 [Worker-87: ビルド] INFO  o.e.m.c.i.embedder.EclipseLogger - skip non existing resourceDirectory /Users/odataiyou/Documents/workspace/SpringFrameworkInEasySteps/springcore/src/test/resources
2022-10-21 07:41:25,282 [Worker-93: ビルド] WARN  o.e.m.c.i.embedder.EclipseLogger - Using platform encoding (UTF-8 actually) to copy filtered resources, i.e. build is platform dependent!
2022-10-21 07:41:25,291 [Worker-93: ビルド] INFO  o.e.m.c.i.embedder.EclipseLogger - skip non existing resourceDirectory /Users/odataiyou/Documents/workspace/SpringFrameworkInEasySteps/springcore/src/main/resources
2022-10-21 07:41:25,294 [Worker-93: ビルド] WARN  o.e.m.c.i.embedder.EclipseLogger - Using platform encoding (UTF-8 actually) to copy filtered resources, i.e. build is platform dependent!
2022-10-21 07:41:25,294 [Worker-93: ビルド] INFO  o.e.m.c.i.embedder.EclipseLogger - skip non existing resourceDirectory /Users/odataiyou/Documents/workspace/SpringFrameworkInEasySteps/springcore/src/test/resources
2022-10-21 07:42:07,302 [Worker-87: ビルド] WARN  o.e.m.c.i.embedder.EclipseLogger - Using platform encoding (UTF-8 actually) to copy filtered resources, i.e. build is platform dependent!
2022-10-21 07:42:07,305 [Worker-87: ビルド] INFO  o.e.m.c.i.embedder.EclipseLogger - skip non existing resourceDirectory /Users/odataiyou/Documents/workspace/SpringFrameworkInEasySteps/springcore/src/main/resources
2022-10-21 07:42:07,307 [Worker-87: ビルド] WARN  o.e.m.c.i.embedder.EclipseLogger - Using platform encoding (UTF-8 actually) to copy filtered resources, i.e. build is platform dependent!
2022-10-21 07:42:07,308 [Worker-87: ビルド] INFO  o.e.m.c.i.embedder.EclipseLogger - skip non existing resourceDirectory /Users/odataiyou/Documents/workspace/SpringFrameworkInEasySteps/springcore/src/test/resources
2022-10-21 07:42:42,125 [Worker-87: ビルド] WARN  o.e.m.c.i.embedder.EclipseLogger - Using platform encoding (UTF-8 actually) to copy filtered resources, i.e. build is platform dependent!
2022-10-21 07:42:42,126 [Worker-87: ビルド] INFO  o.e.m.c.i.embedder.EclipseLogger - skip non existing resourceDirectory /Users/odataiyou/Documents/workspace/SpringFrameworkInEasySteps/springcore/src/main/resources
2022-10-21 07:42:42,128 [Worker-87: ビルド] WARN  o.e.m.c.i.embedder.EclipseLogger - Using platform encoding (UTF-8 actually) to copy filtered resources, i.e. build is platform dependent!
2022-10-21 07:42:42,129 [Worker-87: ビルド] INFO  o.e.m.c.i.embedder.EclipseLogger - skip non existing resourceDirectory /Users/odataiyou/Documents/workspace/SpringFrameworkInEasySteps/springcore/src/test/resources
2022-10-21 07:43:19,136 [Worker-95: ビルド] WARN  o.e.m.c.i.embedder.EclipseLogger - Using platform encoding (UTF-8 actually) to copy filtered resources, i.e. build is platform dependent!
2022-10-21 07:43:19,140 [Worker-95: ビルド] INFO  o.e.m.c.i.embedder.EclipseLogger - skip non existing resourceDirectory /Users/odataiyou/Documents/workspace/SpringFrameworkInEasySteps/springcore/src/main/resources
2022-10-21 07:43:19,142 [Worker-95: ビルド] WARN  o.e.m.c.i.embedder.EclipseLogger - Using platform encoding (UTF-8 actually) to copy filtered resources, i.e. build is platform dependent!
2022-10-21 07:43:19,142 [Worker-95: ビルド] INFO  o.e.m.c.i.embedder.EclipseLogger - skip non existing resourceDirectory /Users/odataiyou/Documents/workspace/SpringFrameworkInEasySteps/springcore/src/test/resources
2022-10-21 07:43:42,501 [Worker-96: ビルド] WARN  o.e.m.c.i.embedder.EclipseLogger - Using platform encoding (UTF-8 actually) to copy filtered resources, i.e. build is platform dependent!
2022-10-21 07:43:42,503 [Worker-96: ビルド] INFO  o.e.m.c.i.embedder.EclipseLogger - skip non existing resourceDirectory /Users/odataiyou/Documents/workspace/SpringFrameworkInEasySteps/springcore/src/main/resources
2022-10-21 07:43:42,504 [Worker-96: ビルド] WARN  o.e.m.c.i.embedder.EclipseLogger - Using platform encoding (UTF-8 actually) to copy filtered resources, i.e. build is platform dependent!
2022-10-21 07:43:42,504 [Worker-96: ビルド] INFO  o.e.m.c.i.embedder.EclipseLogger - skip non existing resourceDirectory /Users/odataiyou/Documents/workspace/SpringFrameworkInEasySteps/springcore/src/test/resources
2022-10-21 07:44:56,739 [Worker-97: ビルド] WARN  o.e.m.c.i.embedder.EclipseLogger - Using platform encoding (UTF-8 actually) to copy filtered resources, i.e. build is platform dependent!
2022-10-21 07:44:56,740 [Worker-97: ビルド] INFO  o.e.m.c.i.embedder.EclipseLogger - skip non existing resourceDirectory /Users/odataiyou/Documents/workspace/SpringFrameworkInEasySteps/springcore/src/main/resources
2022-10-21 07:44:56,740 [Worker-97: ビルド] WARN  o.e.m.c.i.embedder.EclipseLogger - Using platform encoding (UTF-8 actually) to copy filtered resources, i.e. build is platform dependent!
2022-10-21 07:44:56,741 [Worker-97: ビルド] INFO  o.e.m.c.i.embedder.EclipseLogger - skip non existing resourceDirectory /Users/odataiyou/Documents/workspace/SpringFrameworkInEasySteps/springcore/src/test/resources
2022-10-21 07:45:43,316 [Worker-90: ビルド] WARN  o.e.m.c.i.embedder.EclipseLogger - Using platform encoding (UTF-8 actually) to copy filtered resources, i.e. build is platform dependent!
2022-10-21 07:45:43,320 [Worker-90: ビルド] INFO  o.e.m.c.i.embedder.EclipseLogger - skip non existing resourceDirectory /Users/odataiyou/Documents/workspace/SpringFrameworkInEasySteps/springcore/src/main/resources
2022-10-21 07:45:43,320 [Worker-90: ビルド] WARN  o.e.m.c.i.embedder.EclipseLogger - Using platform encoding (UTF-8 actually) to copy filtered resources, i.e. build is platform dependent!
2022-10-21 07:45:43,320 [Worker-90: ビルド] INFO  o.e.m.c.i.embedder.EclipseLogger - skip non existing resourceDirectory /Users/odataiyou/Documents/workspace/SpringFrameworkInEasySteps/springcore/src/test/resources
2022-10-21 07:46:43,400 [Worker-87: ビルド] WARN  o.e.m.c.i.embedder.EclipseLogger - Using platform encoding (UTF-8 actually) to copy filtered resources, i.e. build is platform dependent!
2022-10-21 07:46:43,403 [Worker-87: ビルド] INFO  o.e.m.c.i.embedder.EclipseLogger - skip non existing resourceDirectory /Users/odataiyou/Documents/workspace/SpringFrameworkInEasySteps/springcore/src/main/resources
2022-10-21 07:46:43,404 [Worker-87: ビルド] WARN  o.e.m.c.i.embedder.EclipseLogger - Using platform encoding (UTF-8 actually) to copy filtered resources, i.e. build is platform dependent!
2022-10-21 07:46:43,404 [Worker-87: ビルド] INFO  o.e.m.c.i.embedder.EclipseLogger - skip non existing resourceDirectory /Users/odataiyou/Documents/workspace/SpringFrameworkInEasySteps/springcore/src/test/resources
2022-10-21 07:46:59,010 [Worker-97: ビルド] WARN  o.e.m.c.i.embedder.EclipseLogger - Using platform encoding (UTF-8 actually) to copy filtered resources, i.e. build is platform dependent!
2022-10-21 07:46:59,015 [Worker-97: ビルド] INFO  o.e.m.c.i.embedder.EclipseLogger - skip non existing resourceDirectory /Users/odataiyou/Documents/workspace/SpringFrameworkInEasySteps/springcore/src/main/resources
2022-10-21 07:46:59,016 [Worker-97: ビルド] WARN  o.e.m.c.i.embedder.EclipseLogger - Using platform encoding (UTF-8 actually) to copy filtered resources, i.e. build is platform dependent!
2022-10-21 07:46:59,016 [Worker-97: ビルド] INFO  o.e.m.c.i.embedder.EclipseLogger - skip non existing resourceDirectory /Users/odataiyou/Documents/workspace/SpringFrameworkInEasySteps/springcore/src/test/resources
2022-10-21 07:49:31,033 [Worker-98: ビルド] WARN  o.e.m.c.i.embedder.EclipseLogger - Using platform encoding (UTF-8 actually) to copy filtered resources, i.e. build is platform dependent!
2022-10-21 07:49:31,037 [Worker-98: ビルド] INFO  o.e.m.c.i.embedder.EclipseLogger - skip non existing resourceDirectory /Users/odataiyou/Documents/workspace/SpringFrameworkInEasySteps/springcore/src/main/resources
2022-10-21 07:49:31,038 [Worker-98: ビルド] WARN  o.e.m.c.i.embedder.EclipseLogger - Using platform encoding (UTF-8 actually) to copy filtered resources, i.e. build is platform dependent!
2022-10-21 07:49:31,039 [Worker-98: ビルド] INFO  o.e.m.c.i.embedder.EclipseLogger - skip non existing resourceDirectory /Users/odataiyou/Documents/workspace/SpringFrameworkInEasySteps/springcore/src/test/resources
2022-10-21 07:52:07,794 [Worker-98: ビルド] WARN  o.e.m.c.i.embedder.EclipseLogger - Using platform encoding (UTF-8 actually) to copy filtered resources, i.e. build is platform dependent!
2022-10-21 07:52:07,801 [Worker-98: ビルド] INFO  o.e.m.c.i.embedder.EclipseLogger - skip non existing resourceDirectory /Users/odataiyou/Documents/workspace/SpringFrameworkInEasySteps/springcore/src/main/resources
2022-10-21 07:52:07,803 [Worker-98: ビルド] WARN  o.e.m.c.i.embedder.EclipseLogger - Using platform encoding (UTF-8 actually) to copy filtered resources, i.e. build is platform dependent!
2022-10-21 07:52:07,803 [Worker-98: ビルド] INFO  o.e.m.c.i.embedder.EclipseLogger - skip non existing resourceDirectory /Users/odataiyou/Documents/workspace/SpringFrameworkInEasySteps/springcore/src/test/resources
2022-10-21 08:12:35,443 [Worker-104: ビルド] WARN  o.e.m.c.i.embedder.EclipseLogger - Using platform encoding (UTF-8 actually) to copy filtered resources, i.e. build is platform dependent!
2022-10-21 08:12:35,454 [Worker-104: ビルド] INFO  o.e.m.c.i.embedder.EclipseLogger - skip non existing resourceDirectory /Users/odataiyou/Documents/workspace/SpringFrameworkInEasySteps/springcore/src/main/resources
2022-10-21 08:12:35,457 [Worker-104: ビルド] WARN  o.e.m.c.i.embedder.EclipseLogger - Using platform encoding (UTF-8 actually) to copy filtered resources, i.e. build is platform dependent!
2022-10-21 08:12:35,458 [Worker-104: ビルド] INFO  o.e.m.c.i.embedder.EclipseLogger - skip non existing resourceDirectory /Users/odataiyou/Documents/workspace/SpringFrameworkInEasySteps/springcore/src/test/resources
2022-10-21 08:13:26,445 [Worker-103: ビルド] WARN  o.e.m.c.i.embedder.EclipseLogger - Using platform encoding (UTF-8 actually) to copy filtered resources, i.e. build is platform dependent!
2022-10-21 08:13:26,451 [Worker-103: ビルド] INFO  o.e.m.c.i.embedder.EclipseLogger - skip non existing resourceDirectory /Users/odataiyou/Documents/workspace/SpringFrameworkInEasySteps/springcore/src/main/resources
2022-10-21 08:13:26,452 [Worker-103: ビルド] WARN  o.e.m.c.i.embedder.EclipseLogger - Using platform encoding (UTF-8 actually) to copy filtered resources, i.e. build is platform dependent!
2022-10-21 08:13:26,452 [Worker-103: ビルド] INFO  o.e.m.c.i.embedder.EclipseLogger - skip non existing resourceDirectory /Users/odataiyou/Documents/workspace/SpringFrameworkInEasySteps/springcore/src/test/resources
2022-10-21 08:14:50,970 [Worker-107: ビルド] WARN  o.e.m.c.i.embedder.EclipseLogger - Using platform encoding (UTF-8 actually) to copy filtered resources, i.e. build is platform dependent!
2022-10-21 08:14:50,977 [Worker-107: ビルド] INFO  o.e.m.c.i.embedder.EclipseLogger - skip non existing resourceDirectory /Users/odataiyou/Documents/workspace/SpringFrameworkInEasySteps/springcore/src/main/resources
2022-10-21 08:14:50,979 [Worker-107: ビルド] WARN  o.e.m.c.i.embedder.EclipseLogger - Using platform encoding (UTF-8 actually) to copy filtered resources, i.e. build is platform dependent!
2022-10-21 08:14:50,979 [Worker-107: ビルド] INFO  o.e.m.c.i.embedder.EclipseLogger - skip non existing resourceDirectory /Users/odataiyou/Documents/workspace/SpringFrameworkInEasySteps/springcore/src/test/resources
2022-10-21 08:15:33,578 [Worker-103: ビルド] WARN  o.e.m.c.i.embedder.EclipseLogger - Using platform encoding (UTF-8 actually) to copy filtered resources, i.e. build is platform dependent!
2022-10-21 08:15:33,583 [Worker-103: ビルド] INFO  o.e.m.c.i.embedder.EclipseLogger - skip non existing resourceDirectory /Users/odataiyou/Documents/workspace/SpringFrameworkInEasySteps/springcore/src/main/resources
2022-10-21 08:15:33,584 [Worker-103: ビルド] WARN  o.e.m.c.i.embedder.EclipseLogger - Using platform encoding (UTF-8 actually) to copy filtered resources, i.e. build is platform dependent!
2022-10-21 08:15:33,584 [Worker-103: ビルド] INFO  o.e.m.c.i.embedder.EclipseLogger - skip non existing resourceDirectory /Users/odataiyou/Documents/workspace/SpringFrameworkInEasySteps/springcore/src/test/resources
2022-10-21 08:15:57,693 [Worker-106: ビルド] WARN  o.e.m.c.i.embedder.EclipseLogger - Using platform encoding (UTF-8 actually) to copy filtered resources, i.e. build is platform dependent!
2022-10-21 08:15:57,696 [Worker-106: ビルド] INFO  o.e.m.c.i.embedder.EclipseLogger - skip non existing resourceDirectory /Users/odataiyou/Documents/workspace/SpringFrameworkInEasySteps/springcore/src/main/resources
2022-10-21 08:15:57,697 [Worker-106: ビルド] WARN  o.e.m.c.i.embedder.EclipseLogger - Using platform encoding (UTF-8 actually) to copy filtered resources, i.e. build is platform dependent!
2022-10-21 08:15:57,698 [Worker-106: ビルド] INFO  o.e.m.c.i.embedder.EclipseLogger - skip non existing resourceDirectory /Users/odataiyou/Documents/workspace/SpringFrameworkInEasySteps/springcore/src/test/resources
